
*** Running vivado
    with args -log processor.vds -m64 -product Vivado -mode batch -messageDb vivado.pb -notrace -source processor.tcl


****** Vivado v2023.1 (64-bit)
  **** SW Build 3865809 on Sun May  7 15:04:56 MDT 2023
  **** IP Build 3864474 on Sun May  7 20:36:21 MDT 2023
  **** SharedData Build 3865790 on Sun May 07 13:33:03 MDT 2023
    ** Copyright 1986-2022 Xilinx, Inc. All Rights Reserved.
    ** Copyright 2022-2023 Advanced Micro Devices, Inc. All Rights Reserved.

source processor.tcl -notrace
create_project: Time (s): cpu = 00:00:06 ; elapsed = 00:00:06 . Memory (MB): peak = 1338.656 ; gain = 0.023 ; free physical = 1974 ; free virtual = 9687
Command: read_checkpoint -auto_incremental -incremental /home/konstantinos/Documents/Vivado/project_1/project_1.srcs/utils_1/imports/synth_1/processor.dcp
INFO: [Vivado 12-5825] Read reference checkpoint from /home/konstantinos/Documents/Vivado/project_1/project_1.srcs/utils_1/imports/synth_1/processor.dcp for incremental synthesis
INFO: [Vivado 12-7989] Please ensure there are no constraint changes
Command: synth_design -top processor -part xc7z020clg484-1
Starting synth_design
Attempting to get a license for feature 'Synthesis' and/or device 'xc7z020'
INFO: [Common 17-349] Got license for feature 'Synthesis' and/or device 'xc7z020'
INFO: [Device 21-403] Loading part xc7z020clg484-1
INFO: [Designutils 20-5440] No compile time benefit to using incremental synthesis; A full resynthesis will be run
INFO: [Designutils 20-4379] Flow is switching to default flow due to incremental criteria not met. If you would like to alter this behaviour and have the flow terminate instead, please set the following parameter config_implementation {autoIncr.Synth.RejectBehavior Terminate}
INFO: [Synth 8-7079] Multithreading enabled for synth_design using a maximum of 4 processes.
INFO: [Synth 8-7078] Launching helper process for spawning children vivado processes
INFO: [Synth 8-7075] Helper process launched with PID 901762
---------------------------------------------------------------------------------
Starting RTL Elaboration : Time (s): cpu = 00:00:04 ; elapsed = 00:00:04 . Memory (MB): peak = 2022.957 ; gain = 381.738 ; free physical = 1052 ; free virtual = 8763
---------------------------------------------------------------------------------
INFO: [Synth 8-638] synthesizing module 'processor' [/home/konstantinos/Documents/Vivado/project_1/project_1.srcs/sources_1/new/processor.vhd:34]
	Parameter WORDLENGTH bound to: 32 - type: integer 
	Parameter ROM_SIZE bound to: 8 - type: integer 
	Parameter REGISTER_SIZE bound to: 4 - type: integer 
	Parameter RAM_SIZE bound to: 7 - type: integer 
INFO: [Synth 8-3491] module 'datapath' declared at '/home/konstantinos/Documents/Vivado/project_1/project_1.srcs/sources_1/new/datapath.vhd:34' bound to instance 'dp' of component 'datapath' [/home/konstantinos/Documents/Vivado/project_1/project_1.srcs/sources_1/new/processor.vhd:103]
INFO: [Synth 8-638] synthesizing module 'datapath' [/home/konstantinos/Documents/Vivado/project_1/project_1.srcs/sources_1/new/datapath.vhd:70]
	Parameter WORDLENGTH bound to: 32 - type: integer 
	Parameter ROM_SIZE bound to: 8 - type: integer 
	Parameter REGISTER_SIZE bound to: 4 - type: integer 
	Parameter RAM_SIZE bound to: 7 - type: integer 
	Parameter N bound to: 8 - type: integer 
	Parameter M bound to: 32 - type: integer 
INFO: [Synth 8-3491] module 'instruction_memory' declared at '/home/konstantinos/Documents/Vivado/project_1/project_1.srcs/sources_1/new/instruction_memory.vhd:14' bound to instance 'Inst_Mem' of component 'instruction_memory' [/home/konstantinos/Documents/Vivado/project_1/project_1.srcs/sources_1/new/datapath.vhd:186]
INFO: [Synth 8-638] synthesizing module 'instruction_memory' [/home/konstantinos/Documents/Vivado/project_1/project_1.srcs/sources_1/new/instruction_memory.vhd:23]
	Parameter N bound to: 8 - type: integer 
	Parameter M bound to: 32 - type: integer 
INFO: [Synth 8-256] done synthesizing module 'instruction_memory' (0#1) [/home/konstantinos/Documents/Vivado/project_1/project_1.srcs/sources_1/new/instruction_memory.vhd:23]
	Parameter N bound to: 32 - type: integer 
INFO: [Synth 8-3491] module 'register_s' declared at '/home/konstantinos/Documents/Vivado/project_1/project_1.srcs/sources_1/new/register_s.vhd:34' bound to instance 'register_si' of component 'register_s' [/home/konstantinos/Documents/Vivado/project_1/project_1.srcs/sources_1/new/datapath.vhd:192]
INFO: [Synth 8-638] synthesizing module 'register_s' [/home/konstantinos/Documents/Vivado/project_1/project_1.srcs/sources_1/new/register_s.vhd:44]
	Parameter N bound to: 32 - type: integer 
INFO: [Synth 8-256] done synthesizing module 'register_s' (0#1) [/home/konstantinos/Documents/Vivado/project_1/project_1.srcs/sources_1/new/register_s.vhd:44]
	Parameter N bound to: 32 - type: integer 
	Parameter A bound to: 4 - type: integer 
INFO: [Synth 8-3491] module 'adder_const' declared at '/home/konstantinos/Documents/Vivado/project_1/project_1.srcs/sources_1/new/adder_const.vhd:34' bound to instance 'adder_next_instruction' of component 'adder_const' [/home/konstantinos/Documents/Vivado/project_1/project_1.srcs/sources_1/new/datapath.vhd:201]
INFO: [Synth 8-638] synthesizing module 'adder_const' [/home/konstantinos/Documents/Vivado/project_1/project_1.srcs/sources_1/new/adder_const.vhd:44]
	Parameter N bound to: 32 - type: integer 
	Parameter A bound to: 4 - type: integer 
INFO: [Synth 8-256] done synthesizing module 'adder_const' (0#1) [/home/konstantinos/Documents/Vivado/project_1/project_1.srcs/sources_1/new/adder_const.vhd:44]
	Parameter WIDTH bound to: 4 - type: integer 
INFO: [Synth 8-3491] module 'multiplexer2to1' declared at '/home/konstantinos/Documents/Vivado/project_1/project_1.srcs/sources_1/new/multiplexer2to1.vhd:34' bound to instance 'm2r2r1' of component 'multiplexer2to1' [/home/konstantinos/Documents/Vivado/project_1/project_1.srcs/sources_1/new/datapath.vhd:208]
INFO: [Synth 8-638] synthesizing module 'multiplexer2to1' [/home/konstantinos/Documents/Vivado/project_1/project_1.srcs/sources_1/new/multiplexer2to1.vhd:44]
	Parameter WIDTH bound to: 4 - type: integer 
INFO: [Synth 8-256] done synthesizing module 'multiplexer2to1' (0#1) [/home/konstantinos/Documents/Vivado/project_1/project_1.srcs/sources_1/new/multiplexer2to1.vhd:44]
	Parameter WIDTH bound to: 4 - type: integer 
INFO: [Synth 8-3491] module 'multiplexer2to1' declared at '/home/konstantinos/Documents/Vivado/project_1/project_1.srcs/sources_1/new/multiplexer2to1.vhd:34' bound to instance 'm2r2r2' of component 'multiplexer2to1' [/home/konstantinos/Documents/Vivado/project_1/project_1.srcs/sources_1/new/datapath.vhd:216]
	Parameter WIDTH bound to: 4 - type: integer 
INFO: [Synth 8-3491] module 'multiplexer2to1' declared at '/home/konstantinos/Documents/Vivado/project_1/project_1.srcs/sources_1/new/multiplexer2to1.vhd:34' bound to instance 'm2r2wa' of component 'multiplexer2to1' [/home/konstantinos/Documents/Vivado/project_1/project_1.srcs/sources_1/new/datapath.vhd:224]
	Parameter WIDTH bound to: 32 - type: integer 
INFO: [Synth 8-3491] module 'multiplexer2to1' declared at '/home/konstantinos/Documents/Vivado/project_1/project_1.srcs/sources_1/new/multiplexer2to1.vhd:34' bound to instance 'm2r2wd' of component 'multiplexer2to1' [/home/konstantinos/Documents/Vivado/project_1/project_1.srcs/sources_1/new/datapath.vhd:232]
INFO: [Synth 8-638] synthesizing module 'multiplexer2to1__parameterized2' [/home/konstantinos/Documents/Vivado/project_1/project_1.srcs/sources_1/new/multiplexer2to1.vhd:44]
	Parameter WIDTH bound to: 32 - type: integer 
INFO: [Synth 8-256] done synthesizing module 'multiplexer2to1__parameterized2' (0#1) [/home/konstantinos/Documents/Vivado/project_1/project_1.srcs/sources_1/new/multiplexer2to1.vhd:44]
	Parameter WIDTH bound to: 32 - type: integer 
INFO: [Synth 8-3491] module 'multiplexer2to1' declared at '/home/konstantinos/Documents/Vivado/project_1/project_1.srcs/sources_1/new/multiplexer2to1.vhd:34' bound to instance 'm2r2pc' of component 'multiplexer2to1' [/home/konstantinos/Documents/Vivado/project_1/project_1.srcs/sources_1/new/datapath.vhd:240]
	Parameter N bound to: 32 - type: integer 
	Parameter A bound to: 4 - type: integer 
INFO: [Synth 8-3491] module 'adder_const' declared at '/home/konstantinos/Documents/Vivado/project_1/project_1.srcs/sources_1/new/adder_const.vhd:34' bound to instance 'adder_r15' of component 'adder_const' [/home/konstantinos/Documents/Vivado/project_1/project_1.srcs/sources_1/new/datapath.vhd:248]
	Parameter N bound to: 32 - type: integer 
	Parameter S bound to: 24 - type: integer 
	Parameter U bound to: 12 - type: integer 
INFO: [Synth 8-3491] module 'extend_unit' declared at '/home/konstantinos/Documents/Vivado/project_1/project_1.srcs/sources_1/new/extend_unit.vhd:34' bound to instance 'extend_unit_o' of component 'extend_unit' [/home/konstantinos/Documents/Vivado/project_1/project_1.srcs/sources_1/new/datapath.vhd:254]
INFO: [Synth 8-638] synthesizing module 'extend_unit' [/home/konstantinos/Documents/Vivado/project_1/project_1.srcs/sources_1/new/extend_unit.vhd:47]
	Parameter N bound to: 32 - type: integer 
	Parameter S bound to: 24 - type: integer 
	Parameter U bound to: 12 - type: integer 
INFO: [Synth 8-256] done synthesizing module 'extend_unit' (0#1) [/home/konstantinos/Documents/Vivado/project_1/project_1.srcs/sources_1/new/extend_unit.vhd:47]
	Parameter N bound to: 4 - type: integer 
	Parameter M bound to: 32 - type: integer 
INFO: [Synth 8-3491] module 'register_file' declared at '/home/konstantinos/Documents/Vivado/project_1/project_1.srcs/sources_1/new/register_file.vhd:34' bound to instance 'rf' of component 'register_file' [/home/konstantinos/Documents/Vivado/project_1/project_1.srcs/sources_1/new/datapath.vhd:261]
INFO: [Synth 8-638] synthesizing module 'register_file' [/home/konstantinos/Documents/Vivado/project_1/project_1.srcs/sources_1/new/register_file.vhd:50]
	Parameter N bound to: 4 - type: integer 
	Parameter M bound to: 32 - type: integer 
WARNING: [Synth 8-614] signal 'R15' is read in the process but is not in the sensitivity list [/home/konstantinos/Documents/Vivado/project_1/project_1.srcs/sources_1/new/register_file.vhd:65]
INFO: [Synth 8-256] done synthesizing module 'register_file' (0#1) [/home/konstantinos/Documents/Vivado/project_1/project_1.srcs/sources_1/new/register_file.vhd:50]
	Parameter WIDTH bound to: 32 - type: integer 
INFO: [Synth 8-3491] module 'multiplexer2to1' declared at '/home/konstantinos/Documents/Vivado/project_1/project_1.srcs/sources_1/new/multiplexer2to1.vhd:34' bound to instance 'm2r2alusrc' of component 'multiplexer2to1' [/home/konstantinos/Documents/Vivado/project_1/project_1.srcs/sources_1/new/datapath.vhd:274]
	Parameter WIDTH bound to: 32 - type: integer 
INFO: [Synth 8-3491] module 'multiplexer2to1' declared at '/home/konstantinos/Documents/Vivado/project_1/project_1.srcs/sources_1/new/multiplexer2to1.vhd:34' bound to instance 'm2r2alusrc2' of component 'multiplexer2to1' [/home/konstantinos/Documents/Vivado/project_1/project_1.srcs/sources_1/new/datapath.vhd:282]
	Parameter N bound to: 32 - type: integer 
INFO: [Synth 8-3491] module 'alu' declared at '/home/konstantinos/Documents/Vivado/project_1/project_1.srcs/sources_1/new/alu.vhd:33' bound to instance 'alu_c' of component 'alu' [/home/konstantinos/Documents/Vivado/project_1/project_1.srcs/sources_1/new/datapath.vhd:290]
INFO: [Synth 8-638] synthesizing module 'alu' [/home/konstantinos/Documents/Vivado/project_1/project_1.srcs/sources_1/new/alu.vhd:46]
	Parameter N bound to: 32 - type: integer 
INFO: [Synth 8-6054] Found Dynamic range expression with variable size [/home/konstantinos/Documents/Vivado/project_1/project_1.srcs/sources_1/new/alu.vhd:71]
INFO: [Synth 8-6054] Found Dynamic range expression with variable size [/home/konstantinos/Documents/Vivado/project_1/project_1.srcs/sources_1/new/alu.vhd:72]
INFO: [Synth 8-6054] Found Dynamic range expression with variable size [/home/konstantinos/Documents/Vivado/project_1/project_1.srcs/sources_1/new/alu.vhd:76]
INFO: [Synth 8-6054] Found Dynamic range expression with variable size [/home/konstantinos/Documents/Vivado/project_1/project_1.srcs/sources_1/new/alu.vhd:77]
INFO: [Synth 8-6054] Found Dynamic range expression with variable size [/home/konstantinos/Documents/Vivado/project_1/project_1.srcs/sources_1/new/alu.vhd:80]
INFO: [Synth 8-6054] Found Dynamic range expression with variable size [/home/konstantinos/Documents/Vivado/project_1/project_1.srcs/sources_1/new/alu.vhd:81]
INFO: [Synth 8-6054] Found Dynamic range expression with variable size [/home/konstantinos/Documents/Vivado/project_1/project_1.srcs/sources_1/new/alu.vhd:84]
INFO: [Synth 8-6054] Found Dynamic range expression with variable size [/home/konstantinos/Documents/Vivado/project_1/project_1.srcs/sources_1/new/alu.vhd:85]
WARNING: [Synth 8-614] signal 'ALU_CONTROL' is read in the process but is not in the sensitivity list [/home/konstantinos/Documents/Vivado/project_1/project_1.srcs/sources_1/new/alu.vhd:89]
WARNING: [Synth 8-614] signal 'data_1' is read in the process but is not in the sensitivity list [/home/konstantinos/Documents/Vivado/project_1/project_1.srcs/sources_1/new/alu.vhd:89]
WARNING: [Synth 8-614] signal 'data_2' is read in the process but is not in the sensitivity list [/home/konstantinos/Documents/Vivado/project_1/project_1.srcs/sources_1/new/alu.vhd:89]
INFO: [Synth 8-256] done synthesizing module 'alu' (0#1) [/home/konstantinos/Documents/Vivado/project_1/project_1.srcs/sources_1/new/alu.vhd:46]
	Parameter N bound to: 4 - type: integer 
INFO: [Synth 8-3491] module 'register_s' declared at '/home/konstantinos/Documents/Vivado/project_1/project_1.srcs/sources_1/new/register_s.vhd:34' bound to instance 'register_f' of component 'register_s' [/home/konstantinos/Documents/Vivado/project_1/project_1.srcs/sources_1/new/datapath.vhd:299]
INFO: [Synth 8-638] synthesizing module 'register_s__parameterized1' [/home/konstantinos/Documents/Vivado/project_1/project_1.srcs/sources_1/new/register_s.vhd:44]
	Parameter N bound to: 4 - type: integer 
INFO: [Synth 8-256] done synthesizing module 'register_s__parameterized1' (0#1) [/home/konstantinos/Documents/Vivado/project_1/project_1.srcs/sources_1/new/register_s.vhd:44]
	Parameter N bound to: 7 - type: integer 
	Parameter M bound to: 32 - type: integer 
INFO: [Synth 8-3491] module 'RAM' declared at '/home/konstantinos/Documents/Vivado/project_1/project_1.srcs/sources_1/new/RAM.vhd:34' bound to instance 'ram_c' of component 'RAM' [/home/konstantinos/Documents/Vivado/project_1/project_1.srcs/sources_1/new/datapath.vhd:308]
INFO: [Synth 8-638] synthesizing module 'RAM' [/home/konstantinos/Documents/Vivado/project_1/project_1.srcs/sources_1/new/RAM.vhd:47]
	Parameter N bound to: 7 - type: integer 
	Parameter M bound to: 32 - type: integer 
INFO: [Synth 8-256] done synthesizing module 'RAM' (0#1) [/home/konstantinos/Documents/Vivado/project_1/project_1.srcs/sources_1/new/RAM.vhd:47]
	Parameter WIDTH bound to: 32 - type: integer 
INFO: [Synth 8-3491] module 'multiplexer2to1' declared at '/home/konstantinos/Documents/Vivado/project_1/project_1.srcs/sources_1/new/multiplexer2to1.vhd:34' bound to instance 'm2r2memtoreg' of component 'multiplexer2to1' [/home/konstantinos/Documents/Vivado/project_1/project_1.srcs/sources_1/new/datapath.vhd:317]
INFO: [Synth 8-256] done synthesizing module 'datapath' (0#1) [/home/konstantinos/Documents/Vivado/project_1/project_1.srcs/sources_1/new/datapath.vhd:70]
	Parameter WORDLENGTH bound to: 32 - type: integer 
INFO: [Synth 8-3491] module 'controlpath' declared at '/home/konstantinos/Documents/Vivado/project_1/project_1.srcs/sources_1/new/controlpath.vhd:14' bound to instance 'cp' of component 'controlpath' [/home/konstantinos/Documents/Vivado/project_1/project_1.srcs/sources_1/new/processor.vhd:126]
INFO: [Synth 8-638] synthesizing module 'controlpath' [/home/konstantinos/Documents/Vivado/project_1/project_1.srcs/sources_1/new/controlpath.vhd:36]
	Parameter WORDLENGTH bound to: 32 - type: integer 
INFO: [Synth 8-3491] module 'InstrDec' declared at '/home/konstantinos/Documents/Vivado/project_1/project_1.srcs/sources_1/new/InstrDec.vhd:14' bound to instance 'InstrDec_c' of component 'InstrDec' [/home/konstantinos/Documents/Vivado/project_1/project_1.srcs/sources_1/new/controlpath.vhd:91]
INFO: [Synth 8-638] synthesizing module 'InstrDec' [/home/konstantinos/Documents/Vivado/project_1/project_1.srcs/sources_1/new/InstrDec.vhd:30]
INFO: [Synth 8-256] done synthesizing module 'InstrDec' (0#1) [/home/konstantinos/Documents/Vivado/project_1/project_1.srcs/sources_1/new/InstrDec.vhd:30]
INFO: [Synth 8-3491] module 'WELogic' declared at '/home/konstantinos/Documents/Vivado/project_1/project_1.srcs/sources_1/new/WELogic.vhd:34' bound to instance 'WELogic_c' of component 'WELogic' [/home/konstantinos/Documents/Vivado/project_1/project_1.srcs/sources_1/new/controlpath.vhd:105]
INFO: [Synth 8-638] synthesizing module 'WELogic' [/home/konstantinos/Documents/Vivado/project_1/project_1.srcs/sources_1/new/WELogic.vhd:45]
INFO: [Synth 8-256] done synthesizing module 'WELogic' (0#1) [/home/konstantinos/Documents/Vivado/project_1/project_1.srcs/sources_1/new/WELogic.vhd:45]
INFO: [Synth 8-3491] module 'PCLogic' declared at '/home/konstantinos/Documents/Vivado/project_1/project_1.srcs/sources_1/new/PCLogic.vhd:34' bound to instance 'PCLogic_c' of component 'PCLogic' [/home/konstantinos/Documents/Vivado/project_1/project_1.srcs/sources_1/new/controlpath.vhd:114]
INFO: [Synth 8-638] synthesizing module 'PCLogic' [/home/konstantinos/Documents/Vivado/project_1/project_1.srcs/sources_1/new/PCLogic.vhd:43]
INFO: [Synth 8-256] done synthesizing module 'PCLogic' (0#1) [/home/konstantinos/Documents/Vivado/project_1/project_1.srcs/sources_1/new/PCLogic.vhd:43]
INFO: [Synth 8-3491] module 'CONDLogic' declared at '/home/konstantinos/Documents/Vivado/project_1/project_1.srcs/sources_1/new/CONDLogic.vhd:34' bound to instance 'CONDLogic_c' of component 'CONDLogic' [/home/konstantinos/Documents/Vivado/project_1/project_1.srcs/sources_1/new/controlpath.vhd:121]
INFO: [Synth 8-638] synthesizing module 'CONDLogic' [/home/konstantinos/Documents/Vivado/project_1/project_1.srcs/sources_1/new/CONDLogic.vhd:44]
INFO: [Synth 8-256] done synthesizing module 'CONDLogic' (0#1) [/home/konstantinos/Documents/Vivado/project_1/project_1.srcs/sources_1/new/CONDLogic.vhd:44]
INFO: [Synth 8-256] done synthesizing module 'controlpath' (0#1) [/home/konstantinos/Documents/Vivado/project_1/project_1.srcs/sources_1/new/controlpath.vhd:36]
INFO: [Synth 8-256] done synthesizing module 'processor' (0#1) [/home/konstantinos/Documents/Vivado/project_1/project_1.srcs/sources_1/new/processor.vhd:34]
WARNING: [Synth 8-7129] Port INSTR[19] in module controlpath is either unconnected or has no load
WARNING: [Synth 8-7129] Port INSTR[18] in module controlpath is either unconnected or has no load
WARNING: [Synth 8-7129] Port INSTR[17] in module controlpath is either unconnected or has no load
WARNING: [Synth 8-7129] Port INSTR[16] in module controlpath is either unconnected or has no load
WARNING: [Synth 8-7129] Port INSTR[11] in module controlpath is either unconnected or has no load
WARNING: [Synth 8-7129] Port INSTR[10] in module controlpath is either unconnected or has no load
WARNING: [Synth 8-7129] Port INSTR[9] in module controlpath is either unconnected or has no load
WARNING: [Synth 8-7129] Port INSTR[8] in module controlpath is either unconnected or has no load
WARNING: [Synth 8-7129] Port INSTR[7] in module controlpath is either unconnected or has no load
WARNING: [Synth 8-7129] Port INSTR[4] in module controlpath is either unconnected or has no load
WARNING: [Synth 8-7129] Port INSTR[3] in module controlpath is either unconnected or has no load
WARNING: [Synth 8-7129] Port INSTR[2] in module controlpath is either unconnected or has no load
WARNING: [Synth 8-7129] Port INSTR[1] in module controlpath is either unconnected or has no load
WARNING: [Synth 8-7129] Port INSTR[0] in module controlpath is either unconnected or has no load
---------------------------------------------------------------------------------
Finished RTL Elaboration : Time (s): cpu = 00:00:05 ; elapsed = 00:00:06 . Memory (MB): peak = 2091.926 ; gain = 450.707 ; free physical = 959 ; free virtual = 8671
---------------------------------------------------------------------------------
---------------------------------------------------------------------------------
Start Handling Custom Attributes
---------------------------------------------------------------------------------
---------------------------------------------------------------------------------
Finished Handling Custom Attributes : Time (s): cpu = 00:00:05 ; elapsed = 00:00:06 . Memory (MB): peak = 2109.738 ; gain = 468.520 ; free physical = 958 ; free virtual = 8669
---------------------------------------------------------------------------------
---------------------------------------------------------------------------------
Finished RTL Optimization Phase 1 : Time (s): cpu = 00:00:05 ; elapsed = 00:00:06 . Memory (MB): peak = 2109.738 ; gain = 468.520 ; free physical = 958 ; free virtual = 8669
---------------------------------------------------------------------------------
Netlist sorting complete. Time (s): cpu = 00:00:00.01 ; elapsed = 00:00:00.01 . Memory (MB): peak = 2109.738 ; gain = 0.000 ; free physical = 957 ; free virtual = 8669
INFO: [Project 1-570] Preparing netlist for logic optimization

Processing XDC Constraints
Initializing timing engine
Parsing XDC File [/home/konstantinos/Documents/Vivado/project_1/project_1.srcs/constrs_1/new/zedboard.xdc]
Finished Parsing XDC File [/home/konstantinos/Documents/Vivado/project_1/project_1.srcs/constrs_1/new/zedboard.xdc]
INFO: [Project 1-236] Implementation specific constraints were found while reading constraint file [/home/konstantinos/Documents/Vivado/project_1/project_1.srcs/constrs_1/new/zedboard.xdc]. These constraints will be ignored for synthesis but will be used in implementation. Impacted constraints are listed in the file [.Xil/processor_propImpl.xdc].
Resolution: To avoid this warning, move constraints listed in [.Xil/processor_propImpl.xdc] to another XDC file and exclude this new file from synthesis with the used_in_synthesis property (File Properties dialog in GUI) and re-run elaboration/synthesis.
Completed Processing XDC Constraints

Netlist sorting complete. Time (s): cpu = 00:00:00 ; elapsed = 00:00:00 . Memory (MB): peak = 2225.473 ; gain = 0.000 ; free physical = 943 ; free virtual = 8655
INFO: [Project 1-111] Unisim Transformation Summary:
No Unisim elements were transformed.

Constraint Validation Runtime : Time (s): cpu = 00:00:00 ; elapsed = 00:00:00 . Memory (MB): peak = 2225.473 ; gain = 0.000 ; free physical = 943 ; free virtual = 8655
INFO: [Designutils 20-5440] No compile time benefit to using incremental synthesis; A full resynthesis will be run
INFO: [Designutils 20-4379] Flow is switching to default flow due to incremental criteria not met. If you would like to alter this behaviour and have the flow terminate instead, please set the following parameter config_implementation {autoIncr.Synth.RejectBehavior Terminate}
---------------------------------------------------------------------------------
Finished Constraint Validation : Time (s): cpu = 00:00:11 ; elapsed = 00:00:12 . Memory (MB): peak = 2225.473 ; gain = 584.254 ; free physical = 940 ; free virtual = 8649
---------------------------------------------------------------------------------
---------------------------------------------------------------------------------
Start Loading Part and Timing Information
---------------------------------------------------------------------------------
Loading part: xc7z020clg484-1
---------------------------------------------------------------------------------
Finished Loading Part and Timing Information : Time (s): cpu = 00:00:11 ; elapsed = 00:00:12 . Memory (MB): peak = 2225.473 ; gain = 584.254 ; free physical = 940 ; free virtual = 8649
---------------------------------------------------------------------------------
---------------------------------------------------------------------------------
Start Applying 'set_property' XDC Constraints
---------------------------------------------------------------------------------
---------------------------------------------------------------------------------
Finished applying 'set_property' XDC Constraints : Time (s): cpu = 00:00:11 ; elapsed = 00:00:12 . Memory (MB): peak = 2225.473 ; gain = 584.254 ; free physical = 940 ; free virtual = 8649
---------------------------------------------------------------------------------
WARNING: [Synth 8-327] inferring latch for variable 'result_s_reg' [/home/konstantinos/Documents/Vivado/project_1/project_1.srcs/sources_1/new/alu.vhd:56]
WARNING: [Synth 8-327] inferring latch for variable 'RegSrc_reg' [/home/konstantinos/Documents/Vivado/project_1/project_1.srcs/sources_1/new/InstrDec.vhd:38]
WARNING: [Synth 8-327] inferring latch for variable 'ALUControl_reg' [/home/konstantinos/Documents/Vivado/project_1/project_1.srcs/sources_1/new/InstrDec.vhd:42]
WARNING: [Synth 8-327] inferring latch for variable 'ALUSrc_0_reg' [/home/konstantinos/Documents/Vivado/project_1/project_1.srcs/sources_1/new/InstrDec.vhd:37]
WARNING: [Synth 8-327] inferring latch for variable 'ALUSrc_reg' [/home/konstantinos/Documents/Vivado/project_1/project_1.srcs/sources_1/new/InstrDec.vhd:40]
WARNING: [Synth 8-327] inferring latch for variable 'MemToReg_reg' [/home/konstantinos/Documents/Vivado/project_1/project_1.srcs/sources_1/new/InstrDec.vhd:43]
WARNING: [Synth 8-327] inferring latch for variable 'ImmSrc_reg' [/home/konstantinos/Documents/Vivado/project_1/project_1.srcs/sources_1/new/InstrDec.vhd:41]
WARNING: [Synth 8-327] inferring latch for variable 'NoWrite_reg' [/home/konstantinos/Documents/Vivado/project_1/project_1.srcs/sources_1/new/InstrDec.vhd:44]
WARNING: [Synth 8-327] inferring latch for variable 'MemWrite_reg' [/home/konstantinos/Documents/Vivado/project_1/project_1.srcs/sources_1/new/WELogic.vhd:52]
WARNING: [Synth 8-327] inferring latch for variable 'FlagsWrite_reg' [/home/konstantinos/Documents/Vivado/project_1/project_1.srcs/sources_1/new/WELogic.vhd:53]
WARNING: [Synth 8-327] inferring latch for variable 'RegWrite_reg' [/home/konstantinos/Documents/Vivado/project_1/project_1.srcs/sources_1/new/WELogic.vhd:51]
WARNING: [Synth 8-327] inferring latch for variable 'CondEx_reg' [/home/konstantinos/Documents/Vivado/project_1/project_1.srcs/sources_1/new/CONDLogic.vhd:50]
---------------------------------------------------------------------------------
Finished RTL Optimization Phase 2 : Time (s): cpu = 00:00:12 ; elapsed = 00:00:12 . Memory (MB): peak = 2225.473 ; gain = 584.254 ; free physical = 938 ; free virtual = 8648
---------------------------------------------------------------------------------
---------------------------------------------------------------------------------
Start RTL Component Statistics 
---------------------------------------------------------------------------------
Detailed RTL Component Info : 
+---Adders : 
	   3 Input   33 Bit       Adders := 1     
	   2 Input   33 Bit       Adders := 1     
	   2 Input   32 Bit       Adders := 2     
	   2 Input    7 Bit       Adders := 2     
	   2 Input    4 Bit       Adders := 2     
+---XORs : 
	   2 Input     32 Bit         XORs := 1     
	   2 Input      1 Bit         XORs := 1     
+---Registers : 
	               32 Bit    Registers := 1     
	                4 Bit    Registers := 1     
+---RAMs : 
	              512 Bit	(16 X 32 bit)          RAMs := 1     
+---Muxes : 
	   2 Input   33 Bit        Muxes := 1     
	  11 Input   33 Bit        Muxes := 1     
	  12 Input   33 Bit        Muxes := 1     
	   2 Input   32 Bit        Muxes := 9     
	   2 Input    4 Bit        Muxes := 5     
	   5 Input    4 Bit        Muxes := 1     
	   3 Input    4 Bit        Muxes := 1     
	   3 Input    3 Bit        Muxes := 1     
	   4 Input    3 Bit        Muxes := 1     
	   8 Input    3 Bit        Muxes := 1     
	   2 Input    2 Bit        Muxes := 1     
	   2 Input    1 Bit        Muxes := 23    
	   8 Input    1 Bit        Muxes := 2     
	   7 Input    1 Bit        Muxes := 1     
	   3 Input    1 Bit        Muxes := 1     
---------------------------------------------------------------------------------
Finished RTL Component Statistics 
---------------------------------------------------------------------------------
---------------------------------------------------------------------------------
Start Part Resource Summary
---------------------------------------------------------------------------------
Part Resources:
DSPs: 220 (col length:60)
BRAMs: 280 (col length: RAMB18 60 RAMB36 30)
---------------------------------------------------------------------------------
Finished Part Resource Summary
---------------------------------------------------------------------------------
---------------------------------------------------------------------------------
Start Cross Boundary and Area Optimization
---------------------------------------------------------------------------------
WARNING: [Synth 8-7080] Parallel synthesis criteria is not met
WARNING: [Synth 8-3332] Sequential element (cp/CONDLogic_c/CondEx_reg) is unused and will be removed from module processor.
WARNING: [Synth 8-3332] Sequential element (cp/InstrDec_c/RegSrc_reg[0]) is unused and will be removed from module processor.
---------------------------------------------------------------------------------
Finished Cross Boundary and Area Optimization : Time (s): cpu = 00:00:17 ; elapsed = 00:00:18 . Memory (MB): peak = 2225.473 ; gain = 584.254 ; free physical = 940 ; free virtual = 8652
---------------------------------------------------------------------------------
---------------------------------------------------------------------------------
Start ROM, RAM, DSP, Shift Register and Retiming Reporting
---------------------------------------------------------------------------------

Distributed RAM: Preliminary Mapping Report (see note below)
+------------+------------------+-----------+----------------------+----------------+
|Module Name | RTL Object       | Inference | Size (Depth x Width) | Primitives     | 
+------------+------------------+-----------+----------------------+----------------+
|processor   | dp/rf/RF_reg     | Implied   | 16 x 32              | RAM32M x 12    | 
|processor   | dp/ram_c/RAM_reg | Implied   | 32 x 32              | RAM32X1S x 32  | 
+------------+------------------+-----------+----------------------+----------------+

Note: The table above is a preliminary report that shows the Distributed RAMs at the current stage of the synthesis flow. Some Distributed RAMs may be reimplemented as non Distributed RAM primitives later in the synthesis flow. Multiple instantiated RAMs are reported only once.
---------------------------------------------------------------------------------
Finished ROM, RAM, DSP, Shift Register and Retiming Reporting
---------------------------------------------------------------------------------
---------------------------------------------------------------------------------
Start Applying XDC Timing Constraints
---------------------------------------------------------------------------------
---------------------------------------------------------------------------------
Finished Applying XDC Timing Constraints : Time (s): cpu = 00:00:22 ; elapsed = 00:00:23 . Memory (MB): peak = 2225.473 ; gain = 584.254 ; free physical = 940 ; free virtual = 8652
---------------------------------------------------------------------------------
---------------------------------------------------------------------------------
Start Timing Optimization
---------------------------------------------------------------------------------
---------------------------------------------------------------------------------
Finished Timing Optimization : Time (s): cpu = 00:00:34 ; elapsed = 00:00:35 . Memory (MB): peak = 2233.473 ; gain = 592.254 ; free physical = 853 ; free virtual = 8565
---------------------------------------------------------------------------------
---------------------------------------------------------------------------------
Start ROM, RAM, DSP, Shift Register and Retiming Reporting
---------------------------------------------------------------------------------

Distributed RAM: Final Mapping Report
+------------+------------------+-----------+----------------------+----------------+
|Module Name | RTL Object       | Inference | Size (Depth x Width) | Primitives     | 
+------------+------------------+-----------+----------------------+----------------+
|processor   | dp/rf/RF_reg     | Implied   | 16 x 32              | RAM32M x 12    | 
|processor   | dp/ram_c/RAM_reg | Implied   | 32 x 32              | RAM32X1S x 32  | 
+------------+------------------+-----------+----------------------+----------------+

---------------------------------------------------------------------------------
Finished ROM, RAM, DSP, Shift Register and Retiming Reporting
---------------------------------------------------------------------------------
---------------------------------------------------------------------------------
Start Technology Mapping
---------------------------------------------------------------------------------
---------------------------------------------------------------------------------
Finished Technology Mapping : Time (s): cpu = 00:00:34 ; elapsed = 00:00:35 . Memory (MB): peak = 2233.473 ; gain = 592.254 ; free physical = 853 ; free virtual = 8565
---------------------------------------------------------------------------------
---------------------------------------------------------------------------------
Start IO Insertion
---------------------------------------------------------------------------------
---------------------------------------------------------------------------------
Start Flattening Before IO Insertion
---------------------------------------------------------------------------------
---------------------------------------------------------------------------------
Finished Flattening Before IO Insertion
---------------------------------------------------------------------------------
---------------------------------------------------------------------------------
Start Final Netlist Cleanup
---------------------------------------------------------------------------------
---------------------------------------------------------------------------------
Finished Final Netlist Cleanup
---------------------------------------------------------------------------------
---------------------------------------------------------------------------------
Finished IO Insertion : Time (s): cpu = 00:00:38 ; elapsed = 00:00:39 . Memory (MB): peak = 2233.473 ; gain = 592.254 ; free physical = 849 ; free virtual = 8574
---------------------------------------------------------------------------------
---------------------------------------------------------------------------------
Start Renaming Generated Instances
---------------------------------------------------------------------------------
---------------------------------------------------------------------------------
Finished Renaming Generated Instances : Time (s): cpu = 00:00:38 ; elapsed = 00:00:39 . Memory (MB): peak = 2233.473 ; gain = 592.254 ; free physical = 849 ; free virtual = 8574
---------------------------------------------------------------------------------
---------------------------------------------------------------------------------
Start Rebuilding User Hierarchy
---------------------------------------------------------------------------------
---------------------------------------------------------------------------------
Finished Rebuilding User Hierarchy : Time (s): cpu = 00:00:38 ; elapsed = 00:00:39 . Memory (MB): peak = 2233.473 ; gain = 592.254 ; free physical = 849 ; free virtual = 8572
---------------------------------------------------------------------------------
---------------------------------------------------------------------------------
Start Renaming Generated Ports
---------------------------------------------------------------------------------
---------------------------------------------------------------------------------
Finished Renaming Generated Ports : Time (s): cpu = 00:00:38 ; elapsed = 00:00:39 . Memory (MB): peak = 2233.473 ; gain = 592.254 ; free physical = 849 ; free virtual = 8572
---------------------------------------------------------------------------------
---------------------------------------------------------------------------------
Start Handling Custom Attributes
---------------------------------------------------------------------------------
---------------------------------------------------------------------------------
Finished Handling Custom Attributes : Time (s): cpu = 00:00:38 ; elapsed = 00:00:39 . Memory (MB): peak = 2233.473 ; gain = 592.254 ; free physical = 849 ; free virtual = 8572
---------------------------------------------------------------------------------
---------------------------------------------------------------------------------
Start Renaming Generated Nets
---------------------------------------------------------------------------------
---------------------------------------------------------------------------------
Finished Renaming Generated Nets : Time (s): cpu = 00:00:38 ; elapsed = 00:00:39 . Memory (MB): peak = 2233.473 ; gain = 592.254 ; free physical = 849 ; free virtual = 8572
---------------------------------------------------------------------------------
---------------------------------------------------------------------------------
Start Writing Synthesis Report
---------------------------------------------------------------------------------

Report BlackBoxes: 
+-+--------------+----------+
| |BlackBox name |Instances |
+-+--------------+----------+
+-+--------------+----------+

Report Cell Usage: 
+------+---------+------+
|      |Cell     |Count |
+------+---------+------+
|1     |BUFG     |     3|
|2     |CARRY4   |    42|
|3     |LUT1     |    13|
|4     |LUT2     |    80|
|5     |LUT3     |   110|
|6     |LUT4     |    42|
|7     |LUT5     |   145|
|8     |LUT6     |   263|
|9     |RAM32M   |    10|
|10    |RAM32X1D |     4|
|11    |RAM32X1S |    32|
|12    |FDRE     |    33|
|13    |LD       |    34|
|14    |LDC      |     9|
|15    |LDCP     |     2|
|16    |LDP      |     1|
|17    |IBUF     |     2|
|18    |OBUF     |   128|
+------+---------+------+
---------------------------------------------------------------------------------
Finished Writing Synthesis Report : Time (s): cpu = 00:00:38 ; elapsed = 00:00:39 . Memory (MB): peak = 2233.473 ; gain = 592.254 ; free physical = 849 ; free virtual = 8572
---------------------------------------------------------------------------------
Synthesis finished with 0 errors, 0 critical warnings and 15 warnings.
Synthesis Optimization Runtime : Time (s): cpu = 00:00:37 ; elapsed = 00:00:37 . Memory (MB): peak = 2233.473 ; gain = 476.520 ; free physical = 849 ; free virtual = 8572
Synthesis Optimization Complete : Time (s): cpu = 00:00:38 ; elapsed = 00:00:39 . Memory (MB): peak = 2233.480 ; gain = 592.254 ; free physical = 849 ; free virtual = 8572
INFO: [Project 1-571] Translating synthesized netlist
Netlist sorting complete. Time (s): cpu = 00:00:00.01 ; elapsed = 00:00:00.01 . Memory (MB): peak = 2236.441 ; gain = 0.000 ; free physical = 1134 ; free virtual = 8858
INFO: [Netlist 29-17] Analyzing 134 Unisim elements for replacement
INFO: [Netlist 29-28] Unisim Transformation completed in 0 CPU seconds
INFO: [Project 1-570] Preparing netlist for logic optimization
INFO: [Opt 31-138] Pushed 1 inverter(s) to 46 load pin(s).
Netlist sorting complete. Time (s): cpu = 00:00:00 ; elapsed = 00:00:00.01 . Memory (MB): peak = 2242.379 ; gain = 0.000 ; free physical = 1138 ; free virtual = 8858
INFO: [Project 1-111] Unisim Transformation Summary:
  A total of 92 instances were transformed.
  LD => LDCE: 34 instances
  LDC => LDCE: 9 instances
  LDCP => LDCP (GND, LDCE, LUT3(x2), VCC): 2 instances
  LDP => LDPE: 1 instance 
  RAM32M => RAM32M (inverted pins: WCLK) (RAMD32(x6), RAMS32(x2)): 10 instances
  RAM32X1D => RAM32X1D (inverted pins: WCLK) (RAMD32(x2)): 4 instances
  RAM32X1S => RAM32X1S (inverted pins: WCLK) (RAMS32): 32 instances

Synth Design complete | Checksum: 3f97ae29
INFO: [Common 17-83] Releasing license: Synthesis
86 Infos, 33 Warnings, 0 Critical Warnings and 0 Errors encountered.
synth_design completed successfully
synth_design: Time (s): cpu = 00:00:46 ; elapsed = 00:00:44 . Memory (MB): peak = 2242.379 ; gain = 903.723 ; free physical = 1134 ; free virtual = 8858
INFO: [Common 17-2834] synth_design peak Physical Memory [PSS] (MB): overall = 1845.042; main = 1544.820; forked = 376.763
INFO: [Common 17-2834] synth_design peak Virtual Memory [VSS] (MB): overall = 3206.516; main = 2242.383; forked = 981.039
INFO: [Common 17-1381] The checkpoint '/home/konstantinos/Documents/Vivado/project_1/project_1.runs/synth_1/processor.dcp' has been generated.
INFO: [runtcl-4] Executing : report_utilization -file processor_utilization_synth.rpt -pb processor_utilization_synth.pb
INFO: [Common 17-206] Exiting Vivado at Sun Oct 15 20:38:15 2023...
